2025-10-23 22:21:51,669 - app.services.transcription_service - INFO - TranscriptionService inicializado com modelo: medium
2025-10-23 22:21:51,670 - app.services.ml_model_service - INFO - MLModelService inicializado com modelo: models_data/deviation_classifier.pkl
2025-10-23 22:21:51,670 - app.services.ai_validation_service - WARNING - IA desabilitada: defina ABACUS_API_KEY
2025-10-23 22:21:51,671 - app.services.deviation_classification_service - INFO - DeviationClassificationService inicializado
2025-10-23 22:21:51,674 - app - INFO - CORS configurado para permitir qualquer origem
2025-10-23 22:21:51,675 - app.routes.deviation_routes - INFO - Rotas registradas com sucesso
2025-10-23 22:21:51,675 - app.routes.deviation_routes - INFO - Rotas registradas com sucesso
2025-10-23 22:21:51,680 - app - INFO - Aplicação Flask criada e configurada com sucesso
2025-10-23 22:21:51,681 - app - INFO - Iniciando servidor em 0.0.0.0:8000 (debug=False)
2025-10-23 22:21:55,923 - app.services.transcription_service - INFO - Carregando modelo Faster-Whisper: medium
2025-10-23 22:21:55,923 - app.services.transcription_service - INFO - Carregando modelo Faster-Whisper: medium
2025-10-23 22:22:03,572 - app.services.transcription_service - INFO - Modelo Faster-Whisper carregado com sucesso
2025-10-23 22:22:03,572 - app.services.transcription_service - INFO - Modelo Faster-Whisper carregado com sucesso
2025-10-23 22:22:03,573 - app.services.ml_model_service - INFO - ML carregar: path=models_data/deviation_classifier.pkl
2025-10-23 22:22:03,573 - app.services.ml_model_service - INFO - ML carregar: path=models_data/deviation_classifier.pkl
2025-10-23 22:22:03,575 - app.services.ml_model_service - ERROR - Erro ao carregar modelo ML: Can't get attribute 'MockDeviationClassifier' on <module '__main__' from 'C:\\Users\\hrafa\\OneDrive\\Documentos\\GITHUB\\deviation-classifier-api\\app.py'>
2025-10-23 22:22:03,575 - app.services.ml_model_service - ERROR - Erro ao carregar modelo ML: Can't get attribute 'MockDeviationClassifier' on <module '__main__' from 'C:\\Users\\hrafa\\OneDrive\\Documentos\\GITHUB\\deviation-classifier-api\\app.py'>
2025-10-23 22:23:24,947 - app.services.transcription_service - INFO - TranscriptionService inicializado com modelo: medium
2025-10-23 22:23:24,947 - app.services.ml_model_service - INFO - MLModelService inicializado com modelo: models_data/deviation_classifier.pkl
2025-10-23 22:23:24,948 - app.services.ai_validation_service - INFO - IAValidationService inicializado
2025-10-23 22:23:24,948 - app.services.ai_validation_service - WARNING - IA desabilitada: defina ABACUS_API_KEY
2025-10-23 22:23:24,948 - app.services.deviation_classification_service - INFO - DeviationClassificationService inicializado
2025-10-23 22:23:24,951 - app - INFO - CORS configurado para permitir qualquer origem
2025-10-23 22:23:24,953 - app.routes.deviation_routes - INFO - Rotas registradas com sucesso
2025-10-23 22:23:24,953 - app.routes.deviation_routes - INFO - Rotas registradas com sucesso
2025-10-23 22:23:24,953 - app - INFO - Aplicação Flask criada e configurada com sucesso
2025-10-23 22:23:24,953 - app - INFO - Iniciando servidor em 0.0.0.0:8000 (debug=False)
2025-10-23 22:25:13,147 - app.services.transcription_service - INFO - TranscriptionService inicializado com modelo: medium
2025-10-23 22:25:13,147 - app.services.ml_model_service - INFO - MLModelService inicializado com modelo: models_data/deviation_classifier.pkl
2025-10-23 22:25:13,148 - app.services.ai_validation_service - INFO - IAValidationService inicializado
2025-10-23 22:25:13,148 - app.services.ai_validation_service - INFO - IA pronta (Abacus.AI)
2025-10-23 22:25:13,148 - app.services.deviation_classification_service - INFO - DeviationClassificationService inicializado
2025-10-23 22:25:13,150 - app - INFO - CORS configurado para permitir qualquer origem
2025-10-23 22:25:13,151 - app.routes.deviation_routes - INFO - Rotas registradas com sucesso
2025-10-23 22:25:13,151 - app.routes.deviation_routes - INFO - Rotas registradas com sucesso
2025-10-23 22:25:13,152 - app - INFO - Aplicação Flask criada e configurada com sucesso
2025-10-23 22:25:13,153 - app - INFO - Iniciando servidor em 0.0.0.0:8000 (debug=False)
2025-10-23 22:25:24,204 - app.services.transcription_service - INFO - Carregando modelo Faster-Whisper: medium
2025-10-23 22:25:24,204 - app.services.transcription_service - INFO - Carregando modelo Faster-Whisper: medium
2025-10-23 22:25:31,747 - app.services.transcription_service - INFO - Modelo Faster-Whisper carregado com sucesso
2025-10-23 22:25:31,747 - app.services.transcription_service - INFO - Modelo Faster-Whisper carregado com sucesso
2025-10-23 22:25:31,748 - app.services.ml_model_service - INFO - ML carregar: path=models_data/deviation_classifier.pkl
2025-10-23 22:25:31,748 - app.services.ml_model_service - INFO - ML carregar: path=models_data/deviation_classifier.pkl
2025-10-23 22:25:31,749 - app.services.ml_model_service - ERROR - Erro ao carregar modelo ML: Can't get attribute 'MockDeviationClassifier' on <module '__main__' from 'C:\\Users\\hrafa\\OneDrive\\Documentos\\GITHUB\\deviation-classifier-api\\app.py'>
2025-10-23 22:25:31,749 - app.services.ml_model_service - ERROR - Erro ao carregar modelo ML: Can't get attribute 'MockDeviationClassifier' on <module '__main__' from 'C:\\Users\\hrafa\\OneDrive\\Documentos\\GITHUB\\deviation-classifier-api\\app.py'>
